<?xml version="1.0" encoding="UTF-8"?>
<!-- Generated by org.testng.reporters.JUnitReportReporter -->
<testsuite skipped="0" hostname="Alain-workstation" name="util.BrowserFactory" tests="1" failures="0" timestamp="2021-06-03T04:50:36 CDT" time="11.088" errors="0">
  <testcase name="init" time="11.088" classname="util.BrowserFactory"/>
  <system-out/>
</testsuite> <!-- util.BrowserFactory -->
